This is XeTeX, Version 3.141592653-2.6-0.999994 (TeX Live 2022) (preloaded format=xelatex 2023.2.15)  21 JUN 2023 16:29
entering extended mode
 restricted \write18 enabled.
 %&-line parsing enabled.
**Appendix_S1.tex
(./Appendix_S1.tex
LaTeX2e <2022-11-01> patch level 1
L3 programming layer <2023-02-07>
(/usr/local/texlive/2022/texmf-dist/tex/latex/base/article.cls
Document Class: article 2022/07/02 v1.4n Standard LaTeX document class
(/usr/local/texlive/2022/texmf-dist/tex/latex/base/size11.clo
File: size11.clo 2022/07/02 v1.4n Standard LaTeX file (size option)
)
\c@part=\count181
\c@section=\count182
\c@subsection=\count183
\c@subsubsection=\count184
\c@paragraph=\count185
\c@subparagraph=\count186
\c@figure=\count187
\c@table=\count188
\abovecaptionskip=\skip48
\belowcaptionskip=\skip49
\bibindent=\dimen140
)
(/usr/local/texlive/2022/texmf-dist/tex/latex/geometry/geometry.sty
Package: geometry 2020/01/02 v5.9 Page Geometry

(/usr/local/texlive/2022/texmf-dist/tex/latex/graphics/keyval.sty
Package: keyval 2022/05/29 v1.15 key=value parser (DPC)
\KV@toks@=\toks16
)
(/usr/local/texlive/2022/texmf-dist/tex/generic/iftex/ifvtex.sty
Package: ifvtex 2019/10/25 v1.7 ifvtex legacy package. Use iftex instead.

(/usr/local/texlive/2022/texmf-dist/tex/generic/iftex/iftex.sty
Package: iftex 2022/02/03 v1.0f TeX engine tests
))
\Gm@cnth=\count189
\Gm@cntv=\count190
\c@Gm@tempcnt=\count191
\Gm@bindingoffset=\dimen141
\Gm@wd@mp=\dimen142
\Gm@odd@mp=\dimen143
\Gm@even@mp=\dimen144
\Gm@layoutwidth=\dimen145
\Gm@layoutheight=\dimen146
\Gm@layouthoffset=\dimen147
\Gm@layoutvoffset=\dimen148
\Gm@dimlist=\toks17
)
(/usr/local/texlive/2022/texmf-dist/tex/latex/graphics/graphicx.sty
Package: graphicx 2021/09/16 v1.2d Enhanced LaTeX Graphics (DPC,SPQR)

(/usr/local/texlive/2022/texmf-dist/tex/latex/graphics/graphics.sty
Package: graphics 2022/03/10 v1.4e Standard LaTeX Graphics (DPC,SPQR)

(/usr/local/texlive/2022/texmf-dist/tex/latex/graphics/trig.sty
Package: trig 2021/08/11 v1.11 sin cos tan (DPC)
)
(/usr/local/texlive/2022/texmf-dist/tex/latex/graphics-cfg/graphics.cfg
File: graphics.cfg 2016/06/04 v1.11 sample graphics configuration
)
Package graphics Info: Driver file: xetex.def on input line 107.

(/usr/local/texlive/2022/texmf-dist/tex/latex/graphics-def/xetex.def
File: xetex.def 2022/09/22 v5.0n Graphics/color driver for xetex
))
\Gin@req@height=\dimen149
\Gin@req@width=\dimen150
)
(/usr/local/texlive/2022/texmf-dist/tex/latex/hyperref/hyperref.sty
Package: hyperref 2023-02-07 v7.00v Hypertext links for LaTeX

(/usr/local/texlive/2022/texmf-dist/tex/generic/ltxcmds/ltxcmds.sty
Package: ltxcmds 2020-05-10 v1.25 LaTeX kernel commands for general use (HO)
)
(/usr/local/texlive/2022/texmf-dist/tex/generic/pdftexcmds/pdftexcmds.sty
Package: pdftexcmds 2020-06-27 v0.33 Utility functions of pdfTeX for LuaTeX (HO
)

(/usr/local/texlive/2022/texmf-dist/tex/generic/infwarerr/infwarerr.sty
Package: infwarerr 2019/12/03 v1.5 Providing info/warning/error messages (HO)
)
Package pdftexcmds Info: \pdf@primitive is available.
Package pdftexcmds Info: \pdf@ifprimitive is available.
Package pdftexcmds Info: \pdfdraftmode not found.
)
(/usr/local/texlive/2022/texmf-dist/tex/latex/kvsetkeys/kvsetkeys.sty
Package: kvsetkeys 2022-10-05 v1.19 Key value parser (HO)
)
(/usr/local/texlive/2022/texmf-dist/tex/generic/kvdefinekeys/kvdefinekeys.sty
Package: kvdefinekeys 2019-12-19 v1.6 Define keys (HO)
)
(/usr/local/texlive/2022/texmf-dist/tex/generic/pdfescape/pdfescape.sty
Package: pdfescape 2019/12/09 v1.15 Implements pdfTeX's escape features (HO)
)
(/usr/local/texlive/2022/texmf-dist/tex/latex/hycolor/hycolor.sty
Package: hycolor 2020-01-27 v1.10 Color options for hyperref/bookmark (HO)
)
(/usr/local/texlive/2022/texmf-dist/tex/latex/letltxmacro/letltxmacro.sty
Package: letltxmacro 2019/12/03 v1.6 Let assignment for LaTeX macros (HO)
)
(/usr/local/texlive/2022/texmf-dist/tex/latex/auxhook/auxhook.sty
Package: auxhook 2019-12-17 v1.6 Hooks for auxiliary files (HO)
)
(/usr/local/texlive/2022/texmf-dist/tex/latex/hyperref/nameref.sty
Package: nameref 2022-05-17 v2.50 Cross-referencing by name of section

(/usr/local/texlive/2022/texmf-dist/tex/latex/refcount/refcount.sty
Package: refcount 2019/12/15 v3.6 Data extraction from label references (HO)
)
(/usr/local/texlive/2022/texmf-dist/tex/generic/gettitlestring/gettitlestring.s
ty
Package: gettitlestring 2019/12/15 v1.6 Cleanup title references (HO)
 (/usr/local/texlive/2022/texmf-dist/tex/latex/kvoptions/kvoptions.sty
Package: kvoptions 2022-06-15 v3.15 Key value format for package options (HO)
))
\c@section@level=\count192
)
\@linkdim=\dimen151
\Hy@linkcounter=\count193
\Hy@pagecounter=\count194

(/usr/local/texlive/2022/texmf-dist/tex/latex/hyperref/pd1enc.def
File: pd1enc.def 2023-02-07 v7.00v Hyperref: PDFDocEncoding definition (HO)
)
(/usr/local/texlive/2022/texmf-dist/tex/generic/intcalc/intcalc.sty
Package: intcalc 2019/12/15 v1.3 Expandable calculations with integers (HO)
)
(/usr/local/texlive/2022/texmf-dist/tex/generic/etexcmds/etexcmds.sty
Package: etexcmds 2019/12/15 v1.7 Avoid name clashes with e-TeX commands (HO)
)
\Hy@SavedSpaceFactor=\count195

(/usr/local/texlive/2022/texmf-dist/tex/latex/hyperref/puenc.def
File: puenc.def 2023-02-07 v7.00v Hyperref: PDF Unicode definition (HO)
)
Package hyperref Info: Hyper figures OFF on input line 4177.
Package hyperref Info: Link nesting OFF on input line 4182.
Package hyperref Info: Hyper index ON on input line 4185.
Package hyperref Info: Plain pages OFF on input line 4192.
Package hyperref Info: Backreferencing OFF on input line 4197.
Package hyperref Info: Implicit mode ON; LaTeX internals redefined.
Package hyperref Info: Bookmarks ON on input line 4425.
\c@Hy@tempcnt=\count196

(/usr/local/texlive/2022/texmf-dist/tex/latex/url/url.sty
\Urlmuskip=\muskip16
Package: url 2013/09/16  ver 3.4  Verb mode for urls, etc.
)
LaTeX Info: Redefining \url on input line 4763.
\XeTeXLinkMargin=\dimen152

(/usr/local/texlive/2022/texmf-dist/tex/generic/bitset/bitset.sty
Package: bitset 2019/12/09 v1.3 Handle bit-vector datatype (HO)

(/usr/local/texlive/2022/texmf-dist/tex/generic/bigintcalc/bigintcalc.sty
Package: bigintcalc 2019/12/15 v1.5 Expandable calculations on big integers (HO
)
))
\Fld@menulength=\count197
\Field@Width=\dimen153
\Fld@charsize=\dimen154
Package hyperref Info: Hyper figures OFF on input line 6042.
Package hyperref Info: Link nesting OFF on input line 6047.
Package hyperref Info: Hyper index ON on input line 6050.
Package hyperref Info: backreferencing OFF on input line 6057.
Package hyperref Info: Link coloring OFF on input line 6062.
Package hyperref Info: Link coloring with OCG OFF on input line 6067.
Package hyperref Info: PDF/A mode OFF on input line 6072.

(/usr/local/texlive/2022/texmf-dist/tex/latex/base/atbegshi-ltx.sty
Package: atbegshi-ltx 2021/01/10 v1.0c Emulation of the original atbegshi
package with kernel methods
)
\Hy@abspage=\count198
\c@Item=\count199
\c@Hfootnote=\count266
)
Package hyperref Info: Driver (autodetected): hxetex.

(/usr/local/texlive/2022/texmf-dist/tex/latex/hyperref/hxetex.def
File: hxetex.def 2023-02-07 v7.00v Hyperref driver for XeTeX

(/usr/local/texlive/2022/texmf-dist/tex/generic/stringenc/stringenc.sty
Package: stringenc 2019/11/29 v1.12 Convert strings between diff. encodings (HO
)
)
\pdfm@box=\box51
\c@Hy@AnnotLevel=\count267
\HyField@AnnotCount=\count268
\Fld@listcount=\count269
\c@bookmark@seq@number=\count270

(/usr/local/texlive/2022/texmf-dist/tex/latex/rerunfilecheck/rerunfilecheck.sty
Package: rerunfilecheck 2022-07-10 v1.10 Rerun checks for auxiliary files (HO)
(/usr/local/texlive/2022/texmf-dist/tex/latex/base/atveryend-ltx.sty
Package: atveryend-ltx 2020/08/19 v1.0a Emulation of the original atveryend pac
kage
with kernel methods
)
(/usr/local/texlive/2022/texmf-dist/tex/generic/uniquecounter/uniquecounter.sty
Package: uniquecounter 2019/12/15 v1.4 Provide unlimited unique counter (HO)
)
Package uniquecounter Info: New unique counter `rerunfilecheck' on input line 2
85.
)
\Hy@SectionHShift=\skip50
) (/usr/local/texlive/2022/texmf-dist/tex/latex/fancybox/fancybox.sty
Package: fancybox 2010/05/15 1.4

Style option: `fancybox' v1.4 <2010/05/15> (tvz)
\@fancybox=\box52
\shadowsize=\dimen155
\@Sbox=\box53
\do@VerbBox=\toks18
\the@fancyput=\toks19
\this@fancyput=\toks20
\EndVerbatimTokens=\toks21
\Verbatim@Outfile=\write3
\Verbatim@Infile=\read2
) (/usr/local/texlive/2022/texmf-dist/tex/latex/amsmath/amsmath.sty
Package: amsmath 2022/04/08 v2.17n AMS math features
\@mathmargin=\skip51

For additional information on amsmath, use the `?' option.
(/usr/local/texlive/2022/texmf-dist/tex/latex/amsmath/amstext.sty
Package: amstext 2021/08/26 v2.01 AMS text

(/usr/local/texlive/2022/texmf-dist/tex/latex/amsmath/amsgen.sty
File: amsgen.sty 1999/11/30 v2.0 generic functions
\@emptytoks=\toks22
\ex@=\dimen156
))
(/usr/local/texlive/2022/texmf-dist/tex/latex/amsmath/amsbsy.sty
Package: amsbsy 1999/11/29 v1.2d Bold Symbols
\pmbraise@=\dimen157
)
(/usr/local/texlive/2022/texmf-dist/tex/latex/amsmath/amsopn.sty
Package: amsopn 2022/04/08 v2.04 operator names
)
\inf@bad=\count271
LaTeX Info: Redefining \frac on input line 234.
\uproot@=\count272
\leftroot@=\count273
LaTeX Info: Redefining \overline on input line 399.
LaTeX Info: Redefining \colon on input line 410.
\classnum@=\count274
\DOTSCASE@=\count275
LaTeX Info: Redefining \ldots on input line 496.
LaTeX Info: Redefining \dots on input line 499.
LaTeX Info: Redefining \cdots on input line 620.
\Mathstrutbox@=\box54
\strutbox@=\box55
LaTeX Info: Redefining \big on input line 722.
LaTeX Info: Redefining \Big on input line 723.
LaTeX Info: Redefining \bigg on input line 724.
LaTeX Info: Redefining \Bigg on input line 725.
\big@size=\dimen158
LaTeX Font Info:    Redeclaring font encoding OML on input line 743.
LaTeX Font Info:    Redeclaring font encoding OMS on input line 744.
\macc@depth=\count276
LaTeX Info: Redefining \bmod on input line 905.
LaTeX Info: Redefining \pmod on input line 910.
LaTeX Info: Redefining \smash on input line 940.
LaTeX Info: Redefining \relbar on input line 970.
LaTeX Info: Redefining \Relbar on input line 971.
\c@MaxMatrixCols=\count277
\dotsspace@=\muskip17
\c@parentequation=\count278
\dspbrk@lvl=\count279
\tag@help=\toks23
\row@=\count280
\column@=\count281
\maxfields@=\count282
\andhelp@=\toks24
\eqnshift@=\dimen159
\alignsep@=\dimen160
\tagshift@=\dimen161
\tagwidth@=\dimen162
\totwidth@=\dimen163
\lineht@=\dimen164
\@envbody=\toks25
\multlinegap=\skip52
\multlinetaggap=\skip53
\mathdisplay@stack=\toks26
LaTeX Info: Redefining \[ on input line 2953.
LaTeX Info: Redefining \] on input line 2954.
)
(/usr/local/texlive/2022/texmf-dist/tex/latex/amsfonts/amssymb.sty
Package: amssymb 2013/01/14 v3.01 AMS font symbols

(/usr/local/texlive/2022/texmf-dist/tex/latex/amsfonts/amsfonts.sty
Package: amsfonts 2013/01/14 v3.01 Basic AMSFonts support
\symAMSa=\mathgroup4
\symAMSb=\mathgroup5
LaTeX Font Info:    Redeclaring math symbol \hbar on input line 98.
LaTeX Font Info:    Overwriting math alphabet `\mathfrak' in version `bold'
(Font)                  U/euf/m/n --> U/euf/b/n on input line 106.
))
(/usr/local/texlive/2022/texmf-dist/tex/latex/amscls/amsthm.sty
Package: amsthm 2020/05/29 v2.20.6
\thm@style=\toks27
\thm@bodyfont=\toks28
\thm@headfont=\toks29
\thm@notefont=\toks30
\thm@headpunct=\toks31
\thm@preskip=\skip54
\thm@postskip=\skip55
\thm@headsep=\skip56
\dth@everypar=\toks32
)
(/usr/local/texlive/2022/texmf-dist/tex/latex/natbib/natbib.sty
Package: natbib 2010/09/13 8.31b (PWD, AO)
\bibhang=\skip57
\bibsep=\skip58
LaTeX Info: Redefining \cite on input line 694.
\c@NAT@ctr=\count283
)
(/usr/local/texlive/2022/texmf-dist/tex/latex/preprint/fullpage.sty
Package: fullpage 1999/02/23 1.1 (PWD)
\FP@margin=\skip59
)
(/usr/local/texlive/2022/texmf-dist/tex/latex/placeins/placeins.sty
Package: placeins 2005/04/18  v 2.2
)
(/usr/local/texlive/2022/texmf-dist/tex/latex/setspace/setspace.sty
Package: setspace 2022/12/04 v6.7b set line spacing
)
(/usr/local/texlive/2022/texmf-dist/tex/latex/lineno/lineno.sty
Package: lineno 2023/01/19 line numbers on paragraphs v5.1
Invalid UTF-8 byte or sequence at line 290 replaced by U+FFFD.
\linenopenalty=\count284
\output=\toks33
\linenoprevgraf=\count285
\linenumbersep=\dimen165
\linenumberwidth=\dimen166
\c@linenumber=\count286
\c@pagewiselinenumber=\count287
\c@LN@truepage=\count288
\c@internallinenumber=\count289
\c@internallinenumbers=\count290
\quotelinenumbersep=\dimen167
\bframerule=\dimen168
\bframesep=\dimen169
\bframebox=\box56

(/usr/local/texlive/2022/texmf-dist/tex/latex/etoolbox/etoolbox.sty
Package: etoolbox 2020/10/05 v2.5k e-TeX tools for LaTeX (JAW)
\etb@tempcnta=\count291
)
\linenoamsmath@ams@eqpen=\count292
LaTeX Info: Redefining \\ on input line 3131.
)
(/usr/local/texlive/2022/texmf-dist/tex/latex/preprint/authblk.sty
Package: authblk 2001/02/27 1.3 (PWD)
\affilsep=\skip60
\@affilsep=\skip61
\c@Maxaffil=\count293
\c@authors=\count294
\c@affil=\count295
)
(/usr/local/texlive/2022/texmf-dist/tex/latex/l3backend/l3backend-xetex.def
File: l3backend-xetex.def 2023-01-16 L3 backend support: XeTeX
\g__graphics_track_int=\count296
\l__pdf_internal_box=\box57
\g__pdf_backend_object_int=\count297
\g__pdf_backend_annotation_int=\count298
\g__pdf_backend_link_int=\count299
)
(./Appendix_S1.aux)
\openout1 = `Appendix_S1.aux'.

LaTeX Font Info:    Checking defaults for OML/cmm/m/it on input line 78.
LaTeX Font Info:    ... okay on input line 78.
LaTeX Font Info:    Checking defaults for OMS/cmsy/m/n on input line 78.
LaTeX Font Info:    ... okay on input line 78.
LaTeX Font Info:    Checking defaults for OT1/cmr/m/n on input line 78.
LaTeX Font Info:    ... okay on input line 78.
LaTeX Font Info:    Checking defaults for T1/cmr/m/n on input line 78.
LaTeX Font Info:    ... okay on input line 78.
LaTeX Font Info:    Checking defaults for TS1/cmr/m/n on input line 78.
LaTeX Font Info:    Trying to load font information for TS1+cmr on input line 7
8.

(/usr/local/texlive/2022/texmf-dist/tex/latex/base/ts1cmr.fd
File: ts1cmr.fd 2022/07/10 v2.5l Standard LaTeX font definitions
)
LaTeX Font Info:    ... okay on input line 78.
LaTeX Font Info:    Checking defaults for TU/lmr/m/n on input line 78.
LaTeX Font Info:    ... okay on input line 78.
LaTeX Font Info:    Checking defaults for OMX/cmex/m/n on input line 78.
LaTeX Font Info:    ... okay on input line 78.
LaTeX Font Info:    Checking defaults for U/cmr/m/n on input line 78.
LaTeX Font Info:    ... okay on input line 78.
LaTeX Font Info:    Checking defaults for PD1/pdf/m/n on input line 78.
LaTeX Font Info:    ... okay on input line 78.
LaTeX Font Info:    Checking defaults for PU/pdf/m/n on input line 78.
LaTeX Font Info:    ... okay on input line 78.

*geometry* driver: auto-detecting
*geometry* detected driver: xetex
*geometry* verbose mode - [ preamble ] result:
* driver: xetex
* paper: letterpaper
* layout: <same size as paper>
* layoutoffset:(h,v)=(0.0pt,0.0pt)
* modes: 
* h-part:(L,W,R)=(92.14519pt, 430.00462pt, 92.14519pt)
* v-part:(T,H,B)=(95.39737pt, 556.47656pt, 143.09605pt)
* \paperwidth=614.295pt
* \paperheight=794.96999pt
* \textwidth=469.75502pt
* \textheight=620.43001pt
* \oddsidemargin=0.0pt
* \evensidemargin=0.0pt
* \topmargin=0.0pt
* \headheight=0.0pt
* \headsep=0.0pt
* \topskip=11.0pt
* \footskip=30.0pt
* \marginparwidth=59.0pt
* \marginparsep=10.0pt
* \columnsep=10.0pt
* \skip\footins=10.0pt plus 4.0pt minus 2.0pt
* \hoffset=0.0pt
* \voffset=0.0pt
* \mag=1000
* \@twocolumnfalse
* \@twosidefalse
* \@mparswitchfalse
* \@reversemarginfalse
* (1in=72.27pt=25.4mm, 1cm=28.453pt)

Package hyperref Info: Link coloring OFF on input line 78.
(./Appendix_S1.out) (./Appendix_S1.out)
\@outlinefile=\write4
\openout4 = `Appendix_S1.out'.

LaTeX Font Info:    Trying to load font information for U+msa on input line 79.


(/usr/local/texlive/2022/texmf-dist/tex/latex/amsfonts/umsa.fd
File: umsa.fd 2013/01/14 v3.01 AMS symbols A
)
LaTeX Font Info:    Trying to load font information for U+msb on input line 79.


(/usr/local/texlive/2022/texmf-dist/tex/latex/amsfonts/umsb.fd
File: umsb.fd 2013/01/14 v3.01 AMS symbols B
) [1

]
Overfull \hbox (13.50346pt too wide) in paragraph at lines 99--100
[]\TU/lmr/m/n/10.95 gce-mollusc, EDI, []Pennings[] ([]2014[]); []Alber[] ([]201
4d[],[]c[],[]a[]); []Bishop[] ([]2014i[],[]h[],[]e[],[]f[],[]d[],[]c[],[]a[],[]
b[]); []Alber[] ([]2014b[]);
 []

[2] [3]
File: sbc-algae-castorani_species_accumulation_curve.pdf Graphic file (type pdf
)
<use sbc-algae-castorani_species_accumulation_curve.pdf>
File: sbc-algae-castorani_num_taxa_over_time.pdf Graphic file (type pdf)
<use sbc-algae-castorani_num_taxa_over_time.pdf>
File: sbc-algae-castorani_spatiotemporal_sampling_effort.pdf Graphic file (type
 pdf)
<use sbc-algae-castorani_spatiotemporal_sampling_effort.pdf>
File: sbc-algae-castorani_spp_shared.pdf Graphic file (type pdf)
<use sbc-algae-castorani_spp_shared.pdf>


LaTeX Warning: `!h' float specifier changed to `!ht'.

File: sbc-sessileInverts-castorani_species_accumulation_curve.pdf Graphic file 
(type pdf)
<use sbc-sessileInverts-castorani_species_accumulation_curve.pdf>
File: sbc-sessileInverts-castorani_num_taxa_over_time.pdf Graphic file (type pd
f)
<use sbc-sessileInverts-castorani_num_taxa_over_time.pdf>
File: sbc-sessileInverts-castorani_spatiotemporal_sampling_effort.pdf Graphic f
ile (type pdf)
<use sbc-sessileInverts-castorani_spatiotemporal_sampling_effort.pdf>
File: sbc-sessileInverts-castorani_spp_shared.pdf Graphic file (type pdf)
<use sbc-sessileInverts-castorani_spp_shared.pdf>

LaTeX Warning: `!h' float specifier changed to `!ht'.

File: sbc-mobileInverts-castorani_species_accumulation_curve.pdf Graphic file (
type pdf)
<use sbc-mobileInverts-castorani_species_accumulation_curve.pdf>
File: sbc-mobileInverts-castorani_num_taxa_over_time.pdf Graphic file (type pdf
)
<use sbc-mobileInverts-castorani_num_taxa_over_time.pdf>
File: sbc-mobileInverts-castorani_spatiotemporal_sampling_effort.pdf Graphic fi
le (type pdf)
<use sbc-mobileInverts-castorani_spatiotemporal_sampling_effort.pdf>
File: sbc-mobileInverts-castorani_spp_shared.pdf Graphic file (type pdf)
<use sbc-mobileInverts-castorani_spp_shared.pdf>

LaTeX Warning: `!h' float specifier changed to `!ht'.

File: sbc-fish-castorani_species_accumulation_curve.pdf Graphic file (type pdf)

<use sbc-fish-castorani_species_accumulation_curve.pdf>
File: sbc-fish-castorani_num_taxa_over_time.pdf Graphic file (type pdf)
<use sbc-fish-castorani_num_taxa_over_time.pdf>
File: sbc-fish-castorani_spatiotemporal_sampling_effort.pdf Graphic file (type 
pdf)
<use sbc-fish-castorani_spatiotemporal_sampling_effort.pdf>
File: sbc-fish-castorani_spp_shared.pdf Graphic file (type pdf)
<use sbc-fish-castorani_spp_shared.pdf>

LaTeX Warning: `!h' float specifier changed to `!ht'.

File: mcr-inverts-castorani_species_accumulation_curve.pdf Graphic file (type p
df)
<use mcr-inverts-castorani_species_accumulation_curve.pdf>
File: mcr-inverts-castorani_num_taxa_over_time.pdf Graphic file (type pdf)
<use mcr-inverts-castorani_num_taxa_over_time.pdf>
File: mcr-inverts-castorani_spatiotemporal_sampling_effort.pdf Graphic file (ty
pe pdf)
<use mcr-inverts-castorani_spatiotemporal_sampling_effort.pdf>
File: mcr-inverts-castorani_spp_shared.pdf Graphic file (type pdf)
<use mcr-inverts-castorani_spp_shared.pdf>

LaTeX Warning: `!h' float specifier changed to `!ht'.

[4]
File: mcr-coral-castorani_species_accumulation_curve.pdf Graphic file (type pdf
)
<use mcr-coral-castorani_species_accumulation_curve.pdf>
File: mcr-coral-castorani_num_taxa_over_time.pdf Graphic file (type pdf)
<use mcr-coral-castorani_num_taxa_over_time.pdf>
File: mcr-coral-castorani_spatiotemporal_sampling_effort.pdf Graphic file (type
 pdf)
<use mcr-coral-castorani_spatiotemporal_sampling_effort.pdf>
File: mcr-coral-castorani_spp_shared.pdf Graphic file (type pdf)
<use mcr-coral-castorani_spp_shared.pdf>


LaTeX Warning: `!h' float specifier changed to `!ht'.

File: mcr-algae-castorani_species_accumulation_curve.pdf Graphic file (type pdf
)
<use mcr-algae-castorani_species_accumulation_curve.pdf>
File: mcr-algae-castorani_num_taxa_over_time.pdf Graphic file (type pdf)
<use mcr-algae-castorani_num_taxa_over_time.pdf>
File: mcr-algae-castorani_spatiotemporal_sampling_effort.pdf Graphic file (type
 pdf)
<use mcr-algae-castorani_spatiotemporal_sampling_effort.pdf>
File: mcr-algae-castorani_spp_shared.pdf Graphic file (type pdf)
<use mcr-algae-castorani_spp_shared.pdf>
[5]

LaTeX Warning: `!h' float specifier changed to `!ht'.

[6]
File: gce-mollusc-compagnoni_species_accumulation_curve.pdf Graphic file (type 
pdf)
<use gce-mollusc-compagnoni_species_accumulation_curve.pdf>
File: gce-mollusc-compagnoni_num_taxa_over_time.pdf Graphic file (type pdf)
<use gce-mollusc-compagnoni_num_taxa_over_time.pdf>
File: gce-mollusc-compagnoni_spatiotemporal_sampling_effort.pdf Graphic file (t
ype pdf)
<use gce-mollusc-compagnoni_spatiotemporal_sampling_effort.pdf>
File: gce-mollusc-compagnoni_spp_shared.pdf Graphic file (type pdf)
<use gce-mollusc-compagnoni_spp_shared.pdf>


LaTeX Warning: `!h' float specifier changed to `!ht'.

File: fce-diatoms-catano_species_accumulation_curve.pdf Graphic file (type pdf)

<use fce-diatoms-catano_species_accumulation_curve.pdf>
File: fce-diatoms-catano_num_taxa_over_time.pdf Graphic file (type pdf)
<use fce-diatoms-catano_num_taxa_over_time.pdf>
File: fce-diatoms-catano_spatiotemporal_sampling_effort.pdf Graphic file (type 
pdf)
<use fce-diatoms-catano_spatiotemporal_sampling_effort.pdf>
File: fce-diatoms-catano_spp_shared.pdf Graphic file (type pdf)
<use fce-diatoms-catano_spp_shared.pdf>
[7] [8]

LaTeX Warning: `!h' float specifier changed to `!ht'.

[9] [10] [11]
File: fce-fish-RehageDry_species_accumulation_curve.pdf Graphic file (type pdf)

<use fce-fish-RehageDry_species_accumulation_curve.pdf>
File: fce-fish-RehageDry_num_taxa_over_time.pdf Graphic file (type pdf)
<use fce-fish-RehageDry_num_taxa_over_time.pdf>
File: fce-fish-RehageDry_spatiotemporal_sampling_effort.pdf Graphic file (type 
pdf)
<use fce-fish-RehageDry_spatiotemporal_sampling_effort.pdf>
File: fce-fish-RehageDry_spp_shared.pdf Graphic file (type pdf)
<use fce-fish-RehageDry_spp_shared.pdf>


LaTeX Warning: `!h' float specifier changed to `!ht'.

File: fce-fish-RehageWet_species_accumulation_curve.pdf Graphic file (type pdf)

<use fce-fish-RehageWet_species_accumulation_curve.pdf>
File: fce-fish-RehageWet_num_taxa_over_time.pdf Graphic file (type pdf)
<use fce-fish-RehageWet_num_taxa_over_time.pdf>
File: fce-fish-RehageWet_spatiotemporal_sampling_effort.pdf Graphic file (type 
pdf)
<use fce-fish-RehageWet_spatiotemporal_sampling_effort.pdf>
File: fce-fish-RehageWet_spp_shared.pdf Graphic file (type pdf)
<use fce-fish-RehageWet_spp_shared.pdf>

LaTeX Warning: `!h' float specifier changed to `!ht'.

File: and-plants-mtStHelens_species_accumulation_curve.pdf Graphic file (type p
df)
<use and-plants-mtStHelens_species_accumulation_curve.pdf>
File: and-plants-mtStHelens_num_taxa_over_time.pdf Graphic file (type pdf)
<use and-plants-mtStHelens_num_taxa_over_time.pdf>
File: and-plants-mtStHelens_spatiotemporal_sampling_effort.pdf Graphic file (ty
pe pdf)
<use and-plants-mtStHelens_spatiotemporal_sampling_effort.pdf>
File: and-plants-mtStHelens_spp_shared.pdf Graphic file (type pdf)
<use and-plants-mtStHelens_spp_shared.pdf>
[12]

LaTeX Warning: `!h' float specifier changed to `!ht'.

[13] [14] [15]
File: cdr-plantsABC-compagnoni_species_accumulation_curve.pdf Graphic file (typ
e pdf)
<use cdr-plantsABC-compagnoni_species_accumulation_curve.pdf>
File: cdr-plantsABC-compagnoni_num_taxa_over_time.pdf Graphic file (type pdf)
<use cdr-plantsABC-compagnoni_num_taxa_over_time.pdf>
File: cdr-plantsABC-compagnoni_spatiotemporal_sampling_effort.pdf Graphic file 
(type pdf)
<use cdr-plantsABC-compagnoni_spatiotemporal_sampling_effort.pdf>
File: cdr-plantsABC-compagnoni_spp_shared.pdf Graphic file (type pdf)
<use cdr-plantsABC-compagnoni_spp_shared.pdf>


LaTeX Warning: `!h' float specifier changed to `!ht'.

File: cdr-plantsD-compagnoni_species_accumulation_curve.pdf Graphic file (type 
pdf)
<use cdr-plantsD-compagnoni_species_accumulation_curve.pdf>
File: cdr-plantsD-compagnoni_num_taxa_over_time.pdf Graphic file (type pdf)
<use cdr-plantsD-compagnoni_num_taxa_over_time.pdf>
File: cdr-plantsD-compagnoni_spatiotemporal_sampling_effort.pdf Graphic file (t
ype pdf)
<use cdr-plantsD-compagnoni_spatiotemporal_sampling_effort.pdf>
File: cdr-plantsD-compagnoni_spp_shared.pdf Graphic file (type pdf)
<use cdr-plantsD-compagnoni_spp_shared.pdf>

LaTeX Warning: `!h' float specifier changed to `!ht'.

File: hays-plants-compagnoni_species_accumulation_curve.pdf Graphic file (type 
pdf)
<use hays-plants-compagnoni_species_accumulation_curve.pdf>
File: hays-plants-compagnoni_num_taxa_over_time.pdf Graphic file (type pdf)
<use hays-plants-compagnoni_num_taxa_over_time.pdf>
File: hays-plants-compagnoni_spatiotemporal_sampling_effort.pdf Graphic file (t
ype pdf)
<use hays-plants-compagnoni_spatiotemporal_sampling_effort.pdf>
File: hays-plants-compagnoni_spp_shared.pdf Graphic file (type pdf)
<use hays-plants-compagnoni_spp_shared.pdf>
[16] [17]

LaTeX Warning: `!h' float specifier changed to `!ht'.

File: jrn-plants-compagnoni_species_accumulation_curve.pdf Graphic file (type p
df)
<use jrn-plants-compagnoni_species_accumulation_curve.pdf>
File: jrn-plants-compagnoni_num_taxa_over_time.pdf Graphic file (type pdf)
<use jrn-plants-compagnoni_num_taxa_over_time.pdf>
File: jrn-plants-compagnoni_spatiotemporal_sampling_effort.pdf Graphic file (ty
pe pdf)
<use jrn-plants-compagnoni_spatiotemporal_sampling_effort.pdf>
File: jrn-plants-compagnoni_spp_shared.pdf Graphic file (type pdf)
<use jrn-plants-compagnoni_spp_shared.pdf>
[18] [19] [20]
File: sev-plants-compagnoni_species_accumulation_curve.pdf Graphic file (type p
df)
<use sev-plants-compagnoni_species_accumulation_curve.pdf>
File: sev-plants-compagnoni_num_taxa_over_time.pdf Graphic file (type pdf)
<use sev-plants-compagnoni_num_taxa_over_time.pdf>
File: sev-plants-compagnoni_spatiotemporal_sampling_effort.pdf Graphic file (ty
pe pdf)
<use sev-plants-compagnoni_spatiotemporal_sampling_effort.pdf>
File: sev-plants-compagnoni_spp_shared.pdf Graphic file (type pdf)
<use sev-plants-compagnoni_spp_shared.pdf>


LaTeX Warning: `!h' float specifier changed to `!ht'.

File: sgs-plants-catano_species_accumulation_curve.pdf Graphic file (type pdf)
<use sgs-plants-catano_species_accumulation_curve.pdf>
File: sgs-plants-catano_num_taxa_over_time.pdf Graphic file (type pdf)
<use sgs-plants-catano_num_taxa_over_time.pdf>
File: sgs-plants-catano_spatiotemporal_sampling_effort.pdf Graphic file (type p
df)
<use sgs-plants-catano_spatiotemporal_sampling_effort.pdf>
File: sgs-plants-catano_spp_shared.pdf Graphic file (type pdf)
<use sgs-plants-catano_spp_shared.pdf>

LaTeX Warning: `!h' float specifier changed to `!ht'.

[21]
File: sgs-plants-compagnoni_species_accumulation_curve.pdf Graphic file (type p
df)
<use sgs-plants-compagnoni_species_accumulation_curve.pdf>
File: sgs-plants-compagnoni_num_taxa_over_time.pdf Graphic file (type pdf)
<use sgs-plants-compagnoni_num_taxa_over_time.pdf>
File: sgs-plants-compagnoni_spatiotemporal_sampling_effort.pdf Graphic file (ty
pe pdf)
<use sgs-plants-compagnoni_spatiotemporal_sampling_effort.pdf>
File: sgs-plants-compagnoni_spp_shared.pdf Graphic file (type pdf)
<use sgs-plants-compagnoni_spp_shared.pdf>


LaTeX Warning: `!h' float specifier changed to `!ht'.

[22]
File: sev-arthropods-compagnoni_species_accumulation_curve.pdf Graphic file (ty
pe pdf)
<use sev-arthropods-compagnoni_species_accumulation_curve.pdf>
File: sev-arthropods-compagnoni_num_taxa_over_time.pdf Graphic file (type pdf)
<use sev-arthropods-compagnoni_num_taxa_over_time.pdf>
File: sev-arthropods-compagnoni_spatiotemporal_sampling_effort.pdf Graphic file
 (type pdf)
<use sev-arthropods-compagnoni_spatiotemporal_sampling_effort.pdf>
File: sev-arthropods-compagnoni_spp_shared.pdf Graphic file (type pdf)
<use sev-arthropods-compagnoni_spp_shared.pdf>
 [23]

LaTeX Warning: `!h' float specifier changed to `!ht'.

[24]
File: sev-grasshopper-compagnoni_species_accumulation_curve.pdf Graphic file (t
ype pdf)
<use sev-grasshopper-compagnoni_species_accumulation_curve.pdf>
File: sev-grasshopper-compagnoni_num_taxa_over_time.pdf Graphic file (type pdf)

<use sev-grasshopper-compagnoni_num_taxa_over_time.pdf>
File: sev-grasshopper-compagnoni_spatiotemporal_sampling_effort.pdf Graphic fil
e (type pdf)
<use sev-grasshopper-compagnoni_spatiotemporal_sampling_effort.pdf>
File: sev-grasshopper-compagnoni_spp_shared.pdf Graphic file (type pdf)
<use sev-grasshopper-compagnoni_spp_shared.pdf>


LaTeX Warning: `!h' float specifier changed to `!ht'.

[25] [26]
File: cdr-grasshopper-compagnoni_species_accumulation_curve.pdf Graphic file (t
ype pdf)
<use cdr-grasshopper-compagnoni_species_accumulation_curve.pdf>
File: cdr-grasshopper-compagnoni_num_taxa_over_time.pdf Graphic file (type pdf)

<use cdr-grasshopper-compagnoni_num_taxa_over_time.pdf>
File: cdr-grasshopper-compagnoni_spatiotemporal_sampling_effort.pdf Graphic fil
e (type pdf)
<use cdr-grasshopper-compagnoni_spatiotemporal_sampling_effort.pdf>
File: cdr-grasshopper-compagnoni_spp_shared.pdf Graphic file (type pdf)
<use cdr-grasshopper-compagnoni_spp_shared.pdf>


LaTeX Warning: `!h' float specifier changed to `!ht'.

File: knz-grasshopper-compagnoni_species_accumulation_curve.pdf Graphic file (t
ype pdf)
<use knz-grasshopper-compagnoni_species_accumulation_curve.pdf>
File: knz-grasshopper-compagnoni_num_taxa_over_time.pdf Graphic file (type pdf)

<use knz-grasshopper-compagnoni_num_taxa_over_time.pdf>
File: knz-grasshopper-compagnoni_spatiotemporal_sampling_effort.pdf Graphic fil
e (type pdf)
<use knz-grasshopper-compagnoni_spatiotemporal_sampling_effort.pdf>
File: knz-grasshopper-compagnoni_spp_shared.pdf Graphic file (type pdf)
<use knz-grasshopper-compagnoni_spp_shared.pdf>

LaTeX Warning: `!h' float specifier changed to `!ht'.

File: luq-snails-compagnoni_species_accumulation_curve.pdf Graphic file (type p
df)
<use luq-snails-compagnoni_species_accumulation_curve.pdf>
File: luq-snails-compagnoni_num_taxa_over_time.pdf Graphic file (type pdf)
<use luq-snails-compagnoni_num_taxa_over_time.pdf>
File: luq-snails-compagnoni_spatiotemporal_sampling_effort.pdf Graphic file (ty
pe pdf)
<use luq-snails-compagnoni_spatiotemporal_sampling_effort.pdf>
File: luq-snails-compagnoni_spp_shared.pdf Graphic file (type pdf)
<use luq-snails-compagnoni_spp_shared.pdf>

LaTeX Warning: `!h' float specifier changed to `!ht'.

[27]
File: jrn-lizards-hope_species_accumulation_curve.pdf Graphic file (type pdf)
<use jrn-lizards-hope_species_accumulation_curve.pdf>
File: jrn-lizards-hope_num_taxa_over_time.pdf Graphic file (type pdf)
<use jrn-lizards-hope_num_taxa_over_time.pdf>
File: jrn-lizards-hope_spatiotemporal_sampling_effort.pdf Graphic file (type pd
f)
<use jrn-lizards-hope_spatiotemporal_sampling_effort.pdf>
File: jrn-lizards-hope_spp_shared.pdf Graphic file (type pdf)
<use jrn-lizards-hope_spp_shared.pdf>
 [28]

LaTeX Warning: `!h' float specifier changed to `!ht'.

[29]
File: cap-herps-banville_species_accumulation_curve.pdf Graphic file (type pdf)

<use cap-herps-banville_species_accumulation_curve.pdf>
File: cap-herps-banville_num_taxa_over_time.pdf Graphic file (type pdf)
<use cap-herps-banville_num_taxa_over_time.pdf>
File: cap-herps-banville_spatiotemporal_sampling_effort.pdf Graphic file (type 
pdf)
<use cap-herps-banville_spatiotemporal_sampling_effort.pdf>
File: cap-herps-banville_spp_shared.pdf Graphic file (type pdf)
<use cap-herps-banville_spp_shared.pdf>


LaTeX Warning: `!h' float specifier changed to `!ht'.

[30]
File: and-birds-wisnoski_species_accumulation_curve.pdf Graphic file (type pdf)

<use and-birds-wisnoski_species_accumulation_curve.pdf>
File: and-birds-wisnoski_num_taxa_over_time.pdf Graphic file (type pdf)
<use and-birds-wisnoski_num_taxa_over_time.pdf>
File: and-birds-wisnoski_spatiotemporal_sampling_effort.pdf Graphic file (type 
pdf)
<use and-birds-wisnoski_spatiotemporal_sampling_effort.pdf>
 [31]

LaTeX Warning: `!h' float specifier changed to `!ht'.

[32]
File: cap-birds-banville_species_accumulation_curve.pdf Graphic file (type pdf)

<use cap-birds-banville_species_accumulation_curve.pdf>
File: cap-birds-banville_num_taxa_over_time.pdf Graphic file (type pdf)
<use cap-birds-banville_num_taxa_over_time.pdf>
File: cap-birds-banville_spatiotemporal_sampling_effort.pdf Graphic file (type 
pdf)
<use cap-birds-banville_spatiotemporal_sampling_effort.pdf>
File: cap-birds-banville_spp_shared.pdf Graphic file (type pdf)
<use cap-birds-banville_spp_shared.pdf>


LaTeX Warning: `!h' float specifier changed to `!ht'.

File: bes-birds-nilon_species_accumulation_curve.pdf Graphic file (type pdf)
<use bes-birds-nilon_species_accumulation_curve.pdf>
File: bes-birds-nilon_num_taxa_over_time.pdf Graphic file (type pdf)
<use bes-birds-nilon_num_taxa_over_time.pdf>
File: bes-birds-nilon_spatiotemporal_sampling_effort.pdf Graphic file (type pdf
)
<use bes-birds-nilon_spatiotemporal_sampling_effort.pdf>
File: bes-birds-nilon_spp_shared.pdf Graphic file (type pdf)
<use bes-birds-nilon_spp_shared.pdf>
[33] [34] (./Appendix_S1.bbl [35]
Underfull \hbox (badness 8019) in paragraph at lines 10--16
[]\TU/lmr/m/n/10.95 Alber, M. (2014a).  Mollusc population abundance monitoring
: Fall 2009 mid-
 []


Underfull \hbox (badness 6204) in paragraph at lines 10--16
\TU/lmr/m/n/10.95 marsh and creekbank infaunal and epifaunal mollusc abundance 
based on collec-
 []


Underfull \hbox (badness 7451) in paragraph at lines 10--16
\TU/lmr/m/n/10.95 tions from GCE marsh, monitoring sites 1-10.  Environmental D
ata Initiative.
 []


Underfull \hbox (badness 7869) in paragraph at lines 18--24
[]\TU/lmr/m/n/10.95 Alber, M. (2014b).  Mollusc population abundance monitoring
: Fall 2010 mid-
 []


Underfull \hbox (badness 6204) in paragraph at lines 18--24
\TU/lmr/m/n/10.95 marsh and creekbank infaunal and epifaunal mollusc abundance 
based on collec-
 []


Underfull \hbox (badness 7451) in paragraph at lines 18--24
\TU/lmr/m/n/10.95 tions from GCE marsh, monitoring sites 1-10.  Environmental D
ata Initiative.
 []


Underfull \hbox (badness 8170) in paragraph at lines 26--32
[]\TU/lmr/m/n/10.95 Alber, M. (2014c).  Mollusc population abundance monitoring
: Fall 2011 mid-
 []


Underfull \hbox (badness 6204) in paragraph at lines 26--32
\TU/lmr/m/n/10.95 marsh and creekbank infaunal and epifaunal mollusc abundance 
based on collec-
 []


Underfull \hbox (badness 7451) in paragraph at lines 26--32
\TU/lmr/m/n/10.95 tions from GCE marsh, monitoring sites 1-10.  Environmental D
ata Initiative.
 []


Underfull \hbox (badness 7869) in paragraph at lines 34--40
[]\TU/lmr/m/n/10.95 Alber, M. (2014d).  Mollusc population abundance monitoring
: Fall 2012 mid-
 []


Underfull \hbox (badness 6204) in paragraph at lines 34--40
\TU/lmr/m/n/10.95 marsh and creekbank infaunal and epifaunal mollusc abundance 
based on collec-
 []


Underfull \hbox (badness 7451) in paragraph at lines 34--40
\TU/lmr/m/n/10.95 tions from GCE marsh, monitoring sites 1-10.  Environmental D
ata Initiative.
 []


Underfull \hbox (badness 1910) in paragraph at lines 51--57
[]\TU/lmr/m/n/10.95 Bateman, H., Childers, D., Katti, M., Shochat, E., and Warr
en, P. (2017).  Point-
 []


Underfull \hbox (badness 10000) in paragraph at lines 51--57
\TU/lmr/m/n/10.95 count bird censusing: long-term monitoring of bird abundance 
and diversity
 []


Underfull \hbox (badness 10000) in paragraph at lines 51--57
\TU/lmr/m/n/10.95 in central arizona-phoenix, ongoing since 2000.  Environmenta
l Data Initiative.
 []


Underfull \hbox (badness 10000) in paragraph at lines 51--57
\TU/lmr/m/n/10.95 http://dx.doi.org/10.6073/pasta/201add557165740926aab6e056db6
988.  Dataset accessed
 []

[36]
Underfull \hbox (badness 3291) in paragraph at lines 59--65
[]\TU/lmr/m/n/10.95 Bishop, T. D. (2014a).  Mollusc population abundance monito
ring: Fall 2000 mid-
 []


Underfull \hbox (badness 6204) in paragraph at lines 59--65
\TU/lmr/m/n/10.95 marsh and creekbank infaunal and epifaunal mollusc abundance 
based on collec-
 []


Underfull \hbox (badness 7451) in paragraph at lines 59--65
\TU/lmr/m/n/10.95 tions from GCE marsh, monitoring sites 1-10.  Environmental D
ata Initiative.
 []


Underfull \hbox (badness 3209) in paragraph at lines 67--73
[]\TU/lmr/m/n/10.95 Bishop, T. D. (2014b).  Mollusc population abundance monito
ring: Fall 2001 mid-
 []


Underfull \hbox (badness 6204) in paragraph at lines 67--73
\TU/lmr/m/n/10.95 marsh and creekbank infaunal and epifaunal mollusc abundance 
based on collec-
 []


Underfull \hbox (badness 7451) in paragraph at lines 67--73
\TU/lmr/m/n/10.95 tions from GCE marsh, monitoring sites 1-10.  Environmental D
ata Initiative.
 []


Underfull \hbox (badness 3364) in paragraph at lines 75--81
[]\TU/lmr/m/n/10.95 Bishop, T. D. (2014c).  Mollusc population abundance monito
ring: Fall 2002 mid-
 []


Underfull \hbox (badness 6204) in paragraph at lines 75--81
\TU/lmr/m/n/10.95 marsh and creekbank infaunal and epifaunal mollusc abundance 
based on collec-
 []


Underfull \hbox (badness 7451) in paragraph at lines 75--81
\TU/lmr/m/n/10.95 tions from GCE marsh, monitoring sites 1-10.  Environmental D
ata Initiative.
 []


Underfull \hbox (badness 3209) in paragraph at lines 83--89
[]\TU/lmr/m/n/10.95 Bishop, T. D. (2014d).  Mollusc population abundance monito
ring: Fall 2003 mid-
 []


Underfull \hbox (badness 6204) in paragraph at lines 83--89
\TU/lmr/m/n/10.95 marsh and creekbank infaunal and epifaunal mollusc abundance 
based on collec-
 []


Underfull \hbox (badness 7451) in paragraph at lines 83--89
\TU/lmr/m/n/10.95 tions from GCE marsh, monitoring sites 1-10.  Environmental D
ata Initiative.
 []


Underfull \hbox (badness 3364) in paragraph at lines 91--97
[]\TU/lmr/m/n/10.95 Bishop, T. D. (2014e).  Mollusc population abundance monito
ring: Fall 2004 mid-
 []


Underfull \hbox (badness 6204) in paragraph at lines 91--97
\TU/lmr/m/n/10.95 marsh and creekbank infaunal and epifaunal mollusc abundance 
based on collec-
 []


Underfull \hbox (badness 7451) in paragraph at lines 91--97
\TU/lmr/m/n/10.95 tions from GCE marsh, monitoring sites 1-10.  Environmental D
ata Initiative.
 []


Underfull \hbox (badness 3525) in paragraph at lines 99--105
[]\TU/lmr/m/n/10.95 Bishop, T. D. (2014f).  Mollusc population abundance monito
ring: Fall 2005 mid-
 []


Underfull \hbox (badness 6204) in paragraph at lines 99--105
\TU/lmr/m/n/10.95 marsh and creekbank infaunal and epifaunal mollusc abundance 
based on collec-
 []


Underfull \hbox (badness 7451) in paragraph at lines 99--105
\TU/lmr/m/n/10.95 tions from GCE marsh, monitoring sites 1-10.  Environmental D
ata Initiative.
 []

[37]
Underfull \hbox (badness 3291) in paragraph at lines 107--113
[]\TU/lmr/m/n/10.95 Bishop, T. D. (2014g).  Mollusc population abundance monito
ring: Fall 2006 mid-
 []


Underfull \hbox (badness 6204) in paragraph at lines 107--113
\TU/lmr/m/n/10.95 marsh and creekbank infaunal and epifaunal mollusc abundance 
based on collec-
 []


Underfull \hbox (badness 7451) in paragraph at lines 107--113
\TU/lmr/m/n/10.95 tions from GCE marsh, monitoring sites 1-10.  Environmental D
ata Initiative.
 []


Underfull \hbox (badness 3209) in paragraph at lines 115--121
[]\TU/lmr/m/n/10.95 Bishop, T. D. (2014h).  Mollusc population abundance monito
ring: Fall 2007 mid-
 []


Underfull \hbox (badness 6204) in paragraph at lines 115--121
\TU/lmr/m/n/10.95 marsh and creekbank infaunal and epifaunal mollusc abundance 
based on collec-
 []


Underfull \hbox (badness 7451) in paragraph at lines 115--121
\TU/lmr/m/n/10.95 tions from GCE marsh, monitoring sites 1-10.  Environmental D
ata Initiative.
 []


Underfull \hbox (badness 3612) in paragraph at lines 123--129
[]\TU/lmr/m/n/10.95 Bishop, T. D. (2014i).  Mollusc population abundance monito
ring: Fall 2008 mid-
 []


Underfull \hbox (badness 6204) in paragraph at lines 123--129
\TU/lmr/m/n/10.95 marsh and creekbank infaunal and epifaunal mollusc abundance 
based on collec-
 []


Underfull \hbox (badness 7451) in paragraph at lines 123--129
\TU/lmr/m/n/10.95 tions from GCE marsh, monitoring sites 1-10.  Environmental D
ata Initiative.
 []


Underfull \hbox (badness 10000) in paragraph at lines 147--152
[]\TU/lmr/m/n/10.95 Chapline, W. (2017).  Jornada Experimental Range permanent 
quadrat
 []


Underfull \hbox (badness 10000) in paragraph at lines 147--152
\TU/lmr/m/n/10.95 chart data beginning 1915 - plant density.  Environmental Dat
a Initiative.
 []

[38]
Underfull \hbox (badness 5077) in paragraph at lines 160--166
[]\TU/lmr/m/n/10.95 Edmunds, P. (2018).  Mcr lter: Coral reef: Long-term popula
tion and commu-
 []


Underfull \hbox (badness 2261) in paragraph at lines 160--166
\TU/lmr/m/n/10.95 nity dynamics: Corals, ongoing since 2005 ver 35.  Environmen
tal Data Initiative.
 []


Underfull \hbox (badness 2856) in paragraph at lines 176--182
[]\TU/lmr/m/n/10.95 Hadley, S. J. K. F. (2017).  Forest-wide bird survey at 183
 sample sites the An-
 []


Underfull \hbox (badness 10000) in paragraph at lines 176--182
\TU/lmr/m/n/10.95 drews Experimental Forest from 2009-present.  Environmental D
ata Initiative.
 []


Underfull \hbox (badness 10000) in paragraph at lines 176--182
\TU/lmr/m/n/10.95 http://dx.doi.org/10.6073/pasta/b75f34d8de6fcfa59c882bb1acf96
226.  Dataset accessed
 []


Underfull \hbox (badness 10000) in paragraph at lines 190--196
[]\TU/lmr/m/n/10.95 Joern, A. (2018).  CGR02 sweep sampling of grasshoppers on 
Konza
 []


Underfull \hbox (badness 10000) in paragraph at lines 190--196
\TU/lmr/m/n/10.95 Prairie LTER watersheds (1982-present).  Environmental Data I
nitiative.
 []


Underfull \hbox (badness 10000) in paragraph at lines 190--196
\TU/lmr/m/n/10.95 https://doi.org/10.6073/pasta/aec67f5d71d14cd39fe8b6b34b4719f
4.  Dataset accessed
 []


Underfull \hbox (badness 10000) in paragraph at lines 198--204
[]\TU/lmr/m/n/10.95 Knops, J. (2018).  Core old field grasshopper sampling:succ
essional dy-
 []


Underfull \hbox (badness 10000) in paragraph at lines 198--204
\TU/lmr/m/n/10.95 namics on a resampled chronosequence.  Environmental Data Ini
tiative.
 []


Underfull \hbox (badness 10000) in paragraph at lines 198--204
\TU/lmr/m/n/10.95 https://doi.org/10.6073/pasta/239b3023d75d83e795a15b36fac702e
2.  Dataset accessed
 []


Underfull \hbox (badness 3503) in paragraph at lines 206--211
[]\TU/lmr/m/n/10.95 Lightfoot, D. (2010).  Long-term Core Site Grasshopper Dyna
mics for the Sevilleta
 []


Underfull \hbox (badness 3769) in paragraph at lines 206--211
\TU/lmr/m/n/10.95 National Wildlife Refuge, New Mexico (1992-2013).  Environmen
tal Data Intiative.
 []

[39]
Underfull \hbox (badness 1400) in paragraph at lines 228--234
[]\TU/lmr/m/n/10.95 Milchunas, D. (2014).  SGS-LTER Effects of grazing on ecosy
stem structure and func-
 []


Underfull \hbox (badness 2547) in paragraph at lines 228--234
\TU/lmr/m/n/10.95 Colorado, USA 1992-2011, ARS Study Number 32.  Environmental 
Data Initiative.
 []


Underfull \hbox (badness 2970) in paragraph at lines 251--257
[]\TU/lmr/m/n/10.95 Pennings, S. C. (2014).  Mollusc population abundance monit
oring: Fall 2013 mid-
 []


Underfull \hbox (badness 6204) in paragraph at lines 251--257
\TU/lmr/m/n/10.95 marsh and creekbank infaunal and epifaunal mollusc abundance 
based on collec-
 []


Underfull \hbox (badness 7451) in paragraph at lines 251--257
\TU/lmr/m/n/10.95 tions from GCE marsh, monitoring sites 1-10.  Environmental D
ata Initiative.
 []


Underfull \hbox (badness 10000) in paragraph at lines 266--272
[]\TU/lmr/m/n/10.95 Reed, D. C. (2018).  SBC LTER: Reef: Annual time series of 
biomass
 []


Underfull \hbox (badness 10000) in paragraph at lines 266--272
\TU/lmr/m/n/10.95 for kelp forest species, ongoing since 2000.  Environmental D
ata Intiative.
 []

[40]
Underfull \hbox (badness 3396) in paragraph at lines 282--290
[]\TU/lmr/m/n/10.95 Stapp, P. (2013).  SGS-LTER Long-Term Monitoring Project: V
egetation Cover on
 []


Underfull \hbox (badness 3199) in paragraph at lines 282--290
\TU/lmr/m/n/10.95 orado, USA 1999 -2006, ARS Study Number 118.  Environmental D
ata Intiative.
 []


Underfull \hbox (badness 3396) in paragraph at lines 292--298
[]\TU/lmr/m/n/10.95 Tilman, D. (2018).  Plant aboveground biomass data: Long-Te
rm Nitrogen Deposi-
 []

) [41] (./Appendix_S1.aux)
Package rerunfilecheck Info: File `Appendix_S1.out' has not changed.
(rerunfilecheck)             Checksum: F56AC8183140F0C6C46EFE6AF1899163;3618.
 ) 
Here is how much of TeX's memory you used:
 12083 strings out of 476688
 223719 string characters out of 5804171
 1858007 words of memory out of 5000000
 32053 multiletter control sequences out of 15000+600000
 518920 words of font info for 67 fonts, out of 8000000 for 9000
 1348 hyphenation exceptions out of 8191
 72i,8n,76p,1071b,508s stack positions out of 10000i,1000n,20000p,200000b,200000s

Output written on Appendix_S1.pdf (41 pages).
